[INFO ] 2019-06-29T12:58:05,919 [main] ServerKt - Starting ServerKt on buddhablock-buddha with PID 3879 (/home/buddhablock/Desktop/corda/samples-release-V4/cordapp-example/clients/build/classes/java/main-instrumented started by buddhablock in /home/buddhablock/Desktop/corda/samples-release-V4/cordapp-example/clients)
[INFO ] 2019-06-29T12:58:06,148 [main] ServerKt - No active profile set, falling back to default profiles: default
[INFO ] 2019-06-29T12:58:06,496 [main] AnnotationConfigEmbeddedWebApplicationContext - Refreshing org.springframework.boot.context.embedded.AnnotationConfigEmbeddedWebApplicationContext@367f0121: startup date [Sat Jun 29 18:28:06 IST 2019]; root of context hierarchy
[INFO ] 2019-06-29T12:58:10,012 [background-preinit] Version - HV000001: Hibernate Validator 5.3.5.Final
[INFO ] 2019-06-29T12:58:13,393 [main] TomcatEmbeddedServletContainer - Tomcat initialized with port(s): 50005 (http)
[INFO ] 2019-06-29T12:58:13,447 [main] StandardService - Starting service [Tomcat]
[INFO ] 2019-06-29T12:58:13,455 [main] StandardEngine - Starting Servlet Engine: Apache Tomcat/8.5.20
[INFO ] 2019-06-29T12:58:14,207 [localhost-startStop-1] [/] - Initializing Spring embedded WebApplicationContext
[INFO ] 2019-06-29T12:58:14,208 [localhost-startStop-1] ContextLoader - Root WebApplicationContext: initialization completed in 7724 ms
[INFO ] 2019-06-29T12:58:14,660 [localhost-startStop-1] ServletRegistrationBean - Mapping servlet: 'dispatcherServlet' to [/]
[INFO ] 2019-06-29T12:58:14,670 [localhost-startStop-1] FilterRegistrationBean - Mapping filter: 'characterEncodingFilter' to: [/*]
[INFO ] 2019-06-29T12:58:14,672 [localhost-startStop-1] FilterRegistrationBean - Mapping filter: 'hiddenHttpMethodFilter' to: [/*]
[INFO ] 2019-06-29T12:58:14,674 [localhost-startStop-1] FilterRegistrationBean - Mapping filter: 'httpPutFormContentFilter' to: [/*]
[INFO ] 2019-06-29T12:58:14,674 [localhost-startStop-1] FilterRegistrationBean - Mapping filter: 'requestContextFilter' to: [/*]
[INFO ] 2019-06-29T12:58:22,777 [main] RPCClient - Startup took 6927 msec
[INFO ] 2019-06-29T12:58:24,898 [main] RequestMappingHandlerAdapter - Looking for @ControllerAdvice: org.springframework.boot.context.embedded.AnnotationConfigEmbeddedWebApplicationContext@367f0121: startup date [Sat Jun 29 18:28:06 IST 2019]; root of context hierarchy
[INFO ] 2019-06-29T12:58:25,266 [main] RequestMappingHandlerMapping - Mapped "{[/fixnix/create-iou],methods=[POST],consumes=[application/x-www-form-urlencoded],produces=[text/plain]}" onto public final org.springframework.http.ResponseEntity<java.lang.String> com.example.server.MainController.createIOU(javax.servlet.http.HttpServletRequest)
[INFO ] 2019-06-29T12:58:25,269 [main] RequestMappingHandlerMapping - Mapped "{[/fixnix/my-whistles],methods=[GET],produces=[application/json]}" onto public final org.springframework.http.ResponseEntity<java.util.List<net.corda.core.contracts.StateAndRef<com.example.state.WhistleState>>> com.example.server.MainController.getMyIOUs()
[INFO ] 2019-06-29T12:58:25,272 [main] RequestMappingHandlerMapping - Mapped "{[/fixnix/whistles],methods=[GET],produces=[application/json]}" onto public final org.springframework.http.ResponseEntity<java.util.List<net.corda.core.contracts.StateAndRef<com.example.state.WhistleState>>> com.example.server.MainController.getIOUs()
[INFO ] 2019-06-29T12:58:25,273 [main] RequestMappingHandlerMapping - Mapped "{[/fixnix/peers],methods=[GET],produces=[application/json]}" onto public final java.util.Map<java.lang.String, java.util.List<net.corda.core.identity.CordaX500Name>> com.example.server.MainController.getPeers()
[INFO ] 2019-06-29T12:58:25,279 [main] RequestMappingHandlerMapping - Mapped "{[/fixnix/me],methods=[GET],produces=[application/json]}" onto public final java.util.Map<java.lang.String, net.corda.core.identity.CordaX500Name> com.example.server.MainController.whoami()
[INFO ] 2019-06-29T12:58:25,289 [main] RequestMappingHandlerMapping - Mapped "{[/error],produces=[text/html]}" onto public org.springframework.web.servlet.ModelAndView org.springframework.boot.autoconfigure.web.BasicErrorController.errorHtml(javax.servlet.http.HttpServletRequest,javax.servlet.http.HttpServletResponse)
[INFO ] 2019-06-29T12:58:25,293 [main] RequestMappingHandlerMapping - Mapped "{[/error]}" onto public org.springframework.http.ResponseEntity<java.util.Map<java.lang.String, java.lang.Object>> org.springframework.boot.autoconfigure.web.BasicErrorController.error(javax.servlet.http.HttpServletRequest)
[INFO ] 2019-06-29T12:58:25,403 [main] SimpleUrlHandlerMapping - Mapped URL path [/webjars/**] onto handler of type [class org.springframework.web.servlet.resource.ResourceHttpRequestHandler]
[INFO ] 2019-06-29T12:58:25,407 [main] SimpleUrlHandlerMapping - Mapped URL path [/**] onto handler of type [class org.springframework.web.servlet.resource.ResourceHttpRequestHandler]
[INFO ] 2019-06-29T12:58:25,564 [main] SimpleUrlHandlerMapping - Mapped URL path [/**/favicon.ico] onto handler of type [class org.springframework.web.servlet.resource.ResourceHttpRequestHandler]
[INFO ] 2019-06-29T12:58:25,690 [main] WebMvcAutoConfiguration$WelcomePageHandlerMapping - Adding welcome page: class path resource [public/index.html]
[INFO ] 2019-06-29T12:58:26,154 [main] AnnotationMBeanExporter - Registering beans for JMX exposure on startup
[INFO ] 2019-06-29T12:58:26,278 [main] Http11NioProtocol - Initializing ProtocolHandler ["http-nio-50005"]
[INFO ] 2019-06-29T12:58:26,353 [main] Http11NioProtocol - Starting ProtocolHandler ["http-nio-50005"]
[INFO ] 2019-06-29T12:58:26,383 [main] NioSelectorPool - Using a shared selector for servlet write/read
[INFO ] 2019-06-29T12:58:26,512 [main] TomcatEmbeddedServletContainer - Tomcat started on port(s): 50005 (http)
[INFO ] 2019-06-29T12:58:26,531 [main] ServerKt - Started ServerKt in 24.768 seconds (JVM running for 29.055)
[WARN ] 2019-06-30T06:55:50,170 [Thread-3 (ActiveMQ-client-global-threads)] RPCClientProxyHandler - Terminating observables.
[INFO ] 2019-06-30T06:55:50,894 [Thread-3 (ActiveMQ-client-global-threads)] RPCClientProxyHandler - RPC server available.
[INFO ] 2019-06-30T07:00:43,492 [http-nio-50005-exec-1] [/] - Initializing Spring FrameworkServlet 'dispatcherServlet'
[INFO ] 2019-06-30T07:00:43,493 [http-nio-50005-exec-1] DispatcherServlet - FrameworkServlet 'dispatcherServlet': initialization started
[INFO ] 2019-06-30T07:00:43,546 [http-nio-50005-exec-1] DispatcherServlet - FrameworkServlet 'dispatcherServlet': initialization completed in 53 ms
[WARN ] 2019-06-30T07:06:41,616 [http-nio-50005-exec-7] PageNotFound - Request method 'GET' not supported
[ERROR] 2019-06-30T07:09:49,167 [http-nio-50005-exec-10] [dispatcherServlet] - Servlet.service() for servlet [dispatcherServlet] in context with path [] threw exception [Request processing failed; nested exception is java.lang.IllegalArgumentException: improperly specified input name: Mr. xxx] with root cause
java.io.IOException: Incorrect AVA format
	at sun.security.x509.AVA.readChar(AVA.java:555) ~[?:1.8.0_201]
	at sun.security.x509.AVA.<init>(AVA.java:181) ~[?:1.8.0_201]
	at sun.security.x509.AVA.<init>(AVA.java:147) ~[?:1.8.0_201]
	at sun.security.x509.RDN.<init>(RDN.java:147) ~[?:1.8.0_201]
	at sun.security.x509.X500Name.parseDN(X500Name.java:933) ~[?:1.8.0_201]
	at sun.security.x509.X500Name.<init>(X500Name.java:163) ~[?:1.8.0_201]
	at javax.security.auth.x500.X500Principal.<init>(X500Principal.java:181) ~[?:1.8.0_201]
	at javax.security.auth.x500.X500Principal.<init>(X500Principal.java:128) ~[?:1.8.0_201]
	at net.corda.core.identity.CordaX500Name$Companion.parse(CordaX500Name.kt:96) ~[corda-core-4.0.jar:?]
	at com.example.server.MainController.createIOU(MainController.kt:71) ~[main-instrumented/:?]
	at sun.reflect.NativeMethodAccessorImpl.invoke0(Native Method) ~[?:1.8.0_201]
	at sun.reflect.NativeMethodAccessorImpl.invoke(NativeMethodAccessorImpl.java:62) ~[?:1.8.0_201]
	at sun.reflect.DelegatingMethodAccessorImpl.invoke(DelegatingMethodAccessorImpl.java:43) ~[?:1.8.0_201]
	at java.lang.reflect.Method.invoke(Method.java:498) ~[?:1.8.0_201]
	at org.springframework.web.method.support.InvocableHandlerMethod.doInvoke(InvocableHandlerMethod.java:205) ~[spring-web-4.3.11.RELEASE.jar:4.3.11.RELEASE]
	at org.springframework.web.method.support.InvocableHandlerMethod.invokeForRequest(InvocableHandlerMethod.java:133) ~[spring-web-4.3.11.RELEASE.jar:4.3.11.RELEASE]
	at org.springframework.web.servlet.mvc.method.annotation.ServletInvocableHandlerMethod.invokeAndHandle(ServletInvocableHandlerMethod.java:97) ~[spring-webmvc-4.3.11.RELEASE.jar:4.3.11.RELEASE]
	at org.springframework.web.servlet.mvc.method.annotation.RequestMappingHandlerAdapter.invokeHandlerMethod(RequestMappingHandlerAdapter.java:827) ~[spring-webmvc-4.3.11.RELEASE.jar:4.3.11.RELEASE]
	at org.springframework.web.servlet.mvc.method.annotation.RequestMappingHandlerAdapter.handleInternal(RequestMappingHandlerAdapter.java:738) ~[spring-webmvc-4.3.11.RELEASE.jar:4.3.11.RELEASE]
	at org.springframework.web.servlet.mvc.method.AbstractHandlerMethodAdapter.handle(AbstractHandlerMethodAdapter.java:85) ~[spring-webmvc-4.3.11.RELEASE.jar:4.3.11.RELEASE]
	at org.springframework.web.servlet.DispatcherServlet.doDispatch(DispatcherServlet.java:967) ~[spring-webmvc-4.3.11.RELEASE.jar:4.3.11.RELEASE]
	at org.springframework.web.servlet.DispatcherServlet.doService(DispatcherServlet.java:901) ~[spring-webmvc-4.3.11.RELEASE.jar:4.3.11.RELEASE]
	at org.springframework.web.servlet.FrameworkServlet.processRequest(FrameworkServlet.java:970) ~[spring-webmvc-4.3.11.RELEASE.jar:4.3.11.RELEASE]
	at org.springframework.web.servlet.FrameworkServlet.doPost(FrameworkServlet.java:872) ~[spring-webmvc-4.3.11.RELEASE.jar:4.3.11.RELEASE]
	at javax.servlet.http.HttpServlet.service(HttpServlet.java:661) ~[tomcat-embed-core-8.5.20.jar:8.5.20]
	at org.springframework.web.servlet.FrameworkServlet.service(FrameworkServlet.java:846) ~[spring-webmvc-4.3.11.RELEASE.jar:4.3.11.RELEASE]
	at javax.servlet.http.HttpServlet.service(HttpServlet.java:742) ~[tomcat-embed-core-8.5.20.jar:8.5.20]
	at org.apache.catalina.core.ApplicationFilterChain.internalDoFilter(ApplicationFilterChain.java:231) ~[tomcat-embed-core-8.5.20.jar:8.5.20]
	at org.apache.catalina.core.ApplicationFilterChain.doFilter(ApplicationFilterChain.java:166) ~[tomcat-embed-core-8.5.20.jar:8.5.20]
	at org.apache.tomcat.websocket.server.WsFilter.doFilter(WsFilter.java:52) ~[tomcat-embed-websocket-8.5.20.jar:8.5.20]
	at org.apache.catalina.core.ApplicationFilterChain.internalDoFilter(ApplicationFilterChain.java:193) ~[tomcat-embed-core-8.5.20.jar:8.5.20]
	at org.apache.catalina.core.ApplicationFilterChain.doFilter(ApplicationFilterChain.java:166) ~[tomcat-embed-core-8.5.20.jar:8.5.20]
	at org.springframework.web.filter.RequestContextFilter.doFilterInternal(RequestContextFilter.java:99) ~[spring-web-4.3.11.RELEASE.jar:4.3.11.RELEASE]
	at org.springframework.web.filter.OncePerRequestFilter.doFilter(OncePerRequestFilter.java:107) ~[spring-web-4.3.11.RELEASE.jar:4.3.11.RELEASE]
	at org.apache.catalina.core.ApplicationFilterChain.internalDoFilter(ApplicationFilterChain.java:193) ~[tomcat-embed-core-8.5.20.jar:8.5.20]
	at org.apache.catalina.core.ApplicationFilterChain.doFilter(ApplicationFilterChain.java:166) ~[tomcat-embed-core-8.5.20.jar:8.5.20]
	at org.springframework.web.filter.HttpPutFormContentFilter.doFilterInternal(HttpPutFormContentFilter.java:108) ~[spring-web-4.3.11.RELEASE.jar:4.3.11.RELEASE]
	at org.springframework.web.filter.OncePerRequestFilter.doFilter(OncePerRequestFilter.java:107) ~[spring-web-4.3.11.RELEASE.jar:4.3.11.RELEASE]
	at org.apache.catalina.core.ApplicationFilterChain.internalDoFilter(ApplicationFilterChain.java:193) ~[tomcat-embed-core-8.5.20.jar:8.5.20]
	at org.apache.catalina.core.ApplicationFilterChain.doFilter(ApplicationFilterChain.java:166) ~[tomcat-embed-core-8.5.20.jar:8.5.20]
	at org.springframework.web.filter.HiddenHttpMethodFilter.doFilterInternal(HiddenHttpMethodFilter.java:81) ~[spring-web-4.3.11.RELEASE.jar:4.3.11.RELEASE]
	at org.springframework.web.filter.OncePerRequestFilter.doFilter(OncePerRequestFilter.java:107) ~[spring-web-4.3.11.RELEASE.jar:4.3.11.RELEASE]
	at org.apache.catalina.core.ApplicationFilterChain.internalDoFilter(ApplicationFilterChain.java:193) ~[tomcat-embed-core-8.5.20.jar:8.5.20]
	at org.apache.catalina.core.ApplicationFilterChain.doFilter(ApplicationFilterChain.java:166) ~[tomcat-embed-core-8.5.20.jar:8.5.20]
	at org.springframework.web.filter.CharacterEncodingFilter.doFilterInternal(CharacterEncodingFilter.java:197) ~[spring-web-4.3.11.RELEASE.jar:4.3.11.RELEASE]
	at org.springframework.web.filter.OncePerRequestFilter.doFilter(OncePerRequestFilter.java:107) ~[spring-web-4.3.11.RELEASE.jar:4.3.11.RELEASE]
	at org.apache.catalina.core.ApplicationFilterChain.internalDoFilter(ApplicationFilterChain.java:193) ~[tomcat-embed-core-8.5.20.jar:8.5.20]
	at org.apache.catalina.core.ApplicationFilterChain.doFilter(ApplicationFilterChain.java:166) ~[tomcat-embed-core-8.5.20.jar:8.5.20]
	at org.apache.catalina.core.StandardWrapperValve.invoke(StandardWrapperValve.java:198) [tomcat-embed-core-8.5.20.jar:8.5.20]
	at org.apache.catalina.core.StandardContextValve.invoke(StandardContextValve.java:96) [tomcat-embed-core-8.5.20.jar:8.5.20]
	at org.apache.catalina.authenticator.AuthenticatorBase.invoke(AuthenticatorBase.java:478) [tomcat-embed-core-8.5.20.jar:8.5.20]
	at org.apache.catalina.core.StandardHostValve.invoke(StandardHostValve.java:140) [tomcat-embed-core-8.5.20.jar:8.5.20]
	at org.apache.catalina.valves.ErrorReportValve.invoke(ErrorReportValve.java:80) [tomcat-embed-core-8.5.20.jar:8.5.20]
	at org.apache.catalina.core.StandardEngineValve.invoke(StandardEngineValve.java:87) [tomcat-embed-core-8.5.20.jar:8.5.20]
	at org.apache.catalina.connector.CoyoteAdapter.service(CoyoteAdapter.java:342) [tomcat-embed-core-8.5.20.jar:8.5.20]
	at org.apache.coyote.http11.Http11Processor.service(Http11Processor.java:799) [tomcat-embed-core-8.5.20.jar:8.5.20]
	at org.apache.coyote.AbstractProcessorLight.process(AbstractProcessorLight.java:66) [tomcat-embed-core-8.5.20.jar:8.5.20]
	at org.apache.coyote.AbstractProtocol$ConnectionHandler.process(AbstractProtocol.java:868) [tomcat-embed-core-8.5.20.jar:8.5.20]
	at org.apache.tomcat.util.net.NioEndpoint$SocketProcessor.doRun(NioEndpoint.java:1457) [tomcat-embed-core-8.5.20.jar:8.5.20]
	at org.apache.tomcat.util.net.SocketProcessorBase.run(SocketProcessorBase.java:49) [tomcat-embed-core-8.5.20.jar:8.5.20]
	at java.util.concurrent.ThreadPoolExecutor.runWorker(ThreadPoolExecutor.java:1149) [?:1.8.0_201]
	at java.util.concurrent.ThreadPoolExecutor$Worker.run(ThreadPoolExecutor.java:624) [?:1.8.0_201]
	at org.apache.tomcat.util.threads.TaskThread$WrappingRunnable.run(TaskThread.java:61) [tomcat-embed-core-8.5.20.jar:8.5.20]
	at java.lang.Thread.run(Thread.java:748) [?:1.8.0_201]
[ERROR] 2019-06-30T07:10:08,762 [http-nio-50005-exec-1] [dispatcherServlet] - Servlet.service() for servlet [dispatcherServlet] in context with path [] threw exception [Request processing failed; nested exception is java.lang.IllegalArgumentException: improperly specified input name: Mr. xxx] with root cause
java.io.IOException: Incorrect AVA format
	at sun.security.x509.AVA.readChar(AVA.java:555) ~[?:1.8.0_201]
	at sun.security.x509.AVA.<init>(AVA.java:181) ~[?:1.8.0_201]
	at sun.security.x509.AVA.<init>(AVA.java:147) ~[?:1.8.0_201]
	at sun.security.x509.RDN.<init>(RDN.java:147) ~[?:1.8.0_201]
	at sun.security.x509.X500Name.parseDN(X500Name.java:933) ~[?:1.8.0_201]
	at sun.security.x509.X500Name.<init>(X500Name.java:163) ~[?:1.8.0_201]
	at javax.security.auth.x500.X500Principal.<init>(X500Principal.java:181) ~[?:1.8.0_201]
	at javax.security.auth.x500.X500Principal.<init>(X500Principal.java:128) ~[?:1.8.0_201]
	at net.corda.core.identity.CordaX500Name$Companion.parse(CordaX500Name.kt:96) ~[corda-core-4.0.jar:?]
	at com.example.server.MainController.createIOU(MainController.kt:71) ~[main-instrumented/:?]
	at sun.reflect.NativeMethodAccessorImpl.invoke0(Native Method) ~[?:1.8.0_201]
	at sun.reflect.NativeMethodAccessorImpl.invoke(NativeMethodAccessorImpl.java:62) ~[?:1.8.0_201]
	at sun.reflect.DelegatingMethodAccessorImpl.invoke(DelegatingMethodAccessorImpl.java:43) ~[?:1.8.0_201]
	at java.lang.reflect.Method.i